<?xml version="1.0" encoding="UTF-8"?>
<!-- Generated by org.testng.reporters.JUnitReportReporter -->
<testsuite hostname="JenkinsSM" name="Calculator.CalculatorAutomation.SmokeTest" tests="1" failures="0" timestamp="24 Sep 2018 12:46:56 GMT" time="2.645" errors="0">
  <testcase name="f" time="2.645" classname="Calculator.CalculatorAutomation.SmokeTest"/>
</testsuite> <!-- Calculator.CalculatorAutomation.SmokeTest -->
